<?xml version="1.0" encoding="UTF-8"?>
<testng-results skipped="0" failed="0" ignored="0" total="1" passed="1">
  <reporter-output>
  </reporter-output>
  <suite name="Default suite" duration-ms="90" started-at="2019-05-28T22:09:46Z" finished-at="2019-05-28T22:09:46Z">
    <groups>
    </groups>
    <test name="Default test" duration-ms="90" started-at="2019-05-28T22:09:46Z" finished-at="2019-05-28T22:09:46Z">
      <class name="com.class11.TestNGDemo">
        <test-method status="PASS" signature="helloWorld()[pri:0, instance:com.class11.TestNGDemo@78e117e3]" name="helloWorld" duration-ms="23" started-at="2019-05-28T22:09:46Z" finished-at="2019-05-28T22:09:46Z">
          <reporter-output>
          </reporter-output>
        </test-method> <!-- helloWorld -->
      </class> <!-- com.class11.TestNGDemo -->
    </test> <!-- Default test -->
  </suite> <!-- Default suite -->
</testng-results>
